Build started 22-Nov-19 05:00:47 PM.
     1>Project "C:\Users\dell\documents\visual studio 2010\Projects\Search Contact List\Search Contact List\Search Contact List.vcxproj" on node 2 (build target(s)).
     1>InitializeBuildStatus:
         Touching "Debug\Search Contact List.unsuccessfulbuild".
       ClCompile:
         All outputs are up-to-date.
         All outputs are up-to-date.
       ManifestResourceCompile:
         All outputs are up-to-date.
       Link:
         C:\Program Files (x86)\Microsoft Visual Studio 10.0\VC\bin\link.exe /ERRORREPORT:PROMPT /OUT:"C:\Users\dell\documents\visual studio 2010\Projects\Search Contact List\Debug\Search Contact List.exe" /INCREMENTAL /NOLOGO kernel32.lib user32.lib gdi32.lib winspool.lib comdlg32.lib advapi32.lib shell32.lib ole32.lib oleaut32.lib uuid.lib odbc32.lib odbccp32.lib /MANIFEST /ManifestFile:"Debug\Search Contact List.exe.intermediate.manifest" /MANIFESTUAC:"level='asInvoker' uiAccess='false'" /DEBUG /PDB:"C:\Users\dell\documents\visual studio 2010\Projects\Search Contact List\Debug\Search Contact List.pdb" /SUBSYSTEM:CONSOLE /TLBID:1 /DYNAMICBASE /NXCOMPAT /IMPLIB:"C:\Users\dell\documents\visual studio 2010\Projects\Search Contact List\Debug\Search Contact List.lib" /MACHINE:X86 "Debug\Search Contact List.exe.embed.manifest.res"
         "Debug\Search Contact List.obj"
         Debug\stdafx.obj
       Manifest:
         C:\Program Files (x86)\Microsoft SDKs\Windows\v7.0A\bin\mt.exe /nologo /verbose /out:"Debug\Search Contact List.exe.embed.manifest" /manifest "Debug\Search Contact List.exe.intermediate.manifest"
         All outputs are up-to-date.
       LinkEmbedManifest:
         All outputs are up-to-date.
         Search Contact List.vcxproj -> C:\Users\dell\documents\visual studio 2010\Projects\Search Contact List\Debug\Search Contact List.exe
       FinalizeBuildStatus:
         Deleting file "Debug\Search Contact List.unsuccessfulbuild".
         Touching "Debug\Search Contact List.lastbuildstate".
     1>Done Building Project "C:\Users\dell\documents\visual studio 2010\Projects\Search Contact List\Search Contact List\Search Contact List.vcxproj" (build target(s)).

Build succeeded.

Time Elapsed 00:00:11.09
