C:\USERS\DELL\DOCUMENTS\VISUAL STUDIO 2010\PROJECTS\SEARCH CONTACT LIST\DEBUG\SEARCH CONTACT LIST.EXE
C:\USERS\DELL\DOCUMENTS\VISUAL STUDIO 2010\PROJECTS\SEARCH CONTACT LIST\DEBUG\SEARCH CONTACT LIST.ILK
C:\USERS\DELL\DOCUMENTS\VISUAL STUDIO 2010\PROJECTS\SEARCH CONTACT LIST\DEBUG\SEARCH CONTACT LIST.PDB
C:\Users\dell\documents\visual studio 2010\Projects\Search Contact List\Search Contact List\Debug\cl.command.1.tlog
C:\Users\dell\documents\visual studio 2010\Projects\Search Contact List\Search Contact List\Debug\CL.read.1.tlog
C:\Users\dell\documents\visual studio 2010\Projects\Search Contact List\Search Contact List\Debug\CL.write.1.tlog
C:\Users\dell\documents\visual studio 2010\Projects\Search Contact List\Search Contact List\Debug\link.6316.read.1.tlog
C:\Users\dell\documents\visual studio 2010\Projects\Search Contact List\Search Contact List\Debug\link.6316.write.1.tlog
C:\Users\dell\documents\visual studio 2010\Projects\Search Contact List\Search Contact List\Debug\link.6316-cvtres.read.1.tlog
C:\Users\dell\documents\visual studio 2010\Projects\Search Contact List\Search Contact List\Debug\link.6316-cvtres.write.1.tlog
C:\Users\dell\documents\visual studio 2010\Projects\Search Contact List\Search Contact List\Debug\link.command.1.tlog
C:\Users\dell\documents\visual studio 2010\Projects\Search Contact List\Search Contact List\Debug\link.read.1.tlog
C:\Users\dell\documents\visual studio 2010\Projects\Search Contact List\Search Contact List\Debug\link.write.1.tlog
C:\Users\dell\documents\visual studio 2010\Projects\Search Contact List\Search Contact List\Debug\link-cvtres.read.1.tlog
C:\Users\dell\documents\visual studio 2010\Projects\Search Contact List\Search Contact List\Debug\link-cvtres.write.1.tlog
C:\Users\dell\documents\visual studio 2010\Projects\Search Contact List\Search Contact List\Debug\mt.command.1.tlog
C:\Users\dell\documents\visual studio 2010\Projects\Search Contact List\Search Contact List\Debug\mt.read.1.tlog
C:\Users\dell\documents\visual studio 2010\Projects\Search Contact List\Search Contact List\Debug\mt.write.1.tlog
C:\Users\dell\documents\visual studio 2010\Projects\Search Contact List\Search Contact List\Debug\rc.command.1.tlog
C:\Users\dell\documents\visual studio 2010\Projects\Search Contact List\Search Contact List\Debug\rc.read.1.tlog
C:\Users\dell\documents\visual studio 2010\Projects\Search Contact List\Search Contact List\Debug\rc.write.1.tlog
C:\USERS\DELL\DOCUMENTS\VISUAL STUDIO 2010\PROJECTS\SEARCH CONTACT LIST\SEARCH CONTACT LIST\DEBUG\SEARCH CONTACT LIST.EXE.EMBED.MANIFEST
C:\USERS\DELL\DOCUMENTS\VISUAL STUDIO 2010\PROJECTS\SEARCH CONTACT LIST\SEARCH CONTACT LIST\DEBUG\SEARCH CONTACT LIST.EXE.EMBED.MANIFEST.RES
C:\USERS\DELL\DOCUMENTS\VISUAL STUDIO 2010\PROJECTS\SEARCH CONTACT LIST\SEARCH CONTACT LIST\DEBUG\SEARCH CONTACT LIST.EXE.INTERMEDIATE.MANIFEST
C:\USERS\DELL\DOCUMENTS\VISUAL STUDIO 2010\PROJECTS\SEARCH CONTACT LIST\SEARCH CONTACT LIST\DEBUG\SEARCH CONTACT LIST.OBJ
C:\USERS\DELL\DOCUMENTS\VISUAL STUDIO 2010\PROJECTS\SEARCH CONTACT LIST\SEARCH CONTACT LIST\DEBUG\SEARCH CONTACT LIST.PCH
C:\Users\dell\documents\visual studio 2010\Projects\Search Contact List\Search Contact List\Debug\Search Contact List.write.1.tlog
C:\Users\dell\documents\visual studio 2010\Projects\Search Contact List\Search Contact List\Debug\Search Contact List_manifest.rc
C:\USERS\DELL\DOCUMENTS\VISUAL STUDIO 2010\PROJECTS\SEARCH CONTACT LIST\SEARCH CONTACT LIST\DEBUG\STDAFX.OBJ
C:\Users\dell\documents\visual studio 2010\Projects\Search Contact List\Search Contact List\Debug\vc100.idb
C:\USERS\DELL\DOCUMENTS\VISUAL STUDIO 2010\PROJECTS\SEARCH CONTACT LIST\SEARCH CONTACT LIST\DEBUG\VC100.PDB
